c:\users\형진\desktop\형진 과제& 개인공부\mfc\wp5_2014104136_이형진\simple\debug\simple.pch
c:\users\형진\desktop\형진 과제& 개인공부\mfc\wp5_2014104136_이형진\simple\debug\stdafx.obj
c:\users\형진\desktop\형진 과제& 개인공부\mfc\wp5_2014104136_이형진\simple\debug\vc100.pdb
c:\users\형진\desktop\형진 과제& 개인공부\mfc\wp5_2014104136_이형진\simple\debug\childview.obj
c:\users\형진\desktop\형진 과제& 개인공부\mfc\wp5_2014104136_이형진\simple\debug\circle.obj
c:\users\형진\desktop\형진 과제& 개인공부\mfc\wp5_2014104136_이형진\simple\debug\line.obj
c:\users\형진\desktop\형진 과제& 개인공부\mfc\wp5_2014104136_이형진\simple\debug\mainfrm.obj
c:\users\형진\desktop\형진 과제& 개인공부\mfc\wp5_2014104136_이형진\simple\debug\quad.obj
c:\users\형진\desktop\형진 과제& 개인공부\mfc\wp5_2014104136_이형진\simple\debug\triangle.obj
c:\users\형진\desktop\형진 과제& 개인공부\mfc\wp5_2014104136_이형진\simple\debug\simple.obj
c:\users\형진\desktop\형진 과제& 개인공부\mfc\wp5_2014104136_이형진\debug\simple.ilk
c:\users\형진\desktop\형진 과제& 개인공부\mfc\wp5_2014104136_이형진\debug\simple.exe
c:\users\형진\desktop\형진 과제& 개인공부\mfc\wp5_2014104136_이형진\simple\debug\simple.exe.intermediate.manifest
c:\users\형진\desktop\형진 과제& 개인공부\mfc\wp5_2014104136_이형진\debug\simple.pdb
c:\users\형진\desktop\형진 과제& 개인공부\mfc\wp5_2014104136_이형진\simple\debug\simple.exe.embed.manifest
c:\users\형진\desktop\형진 과제& 개인공부\mfc\wp5_2014104136_이형진\simple\debug\simple.exe.embed.manifest.res
c:\users\형진\desktop\형진 과제& 개인공부\mfc\wp5_2014104136_이형진\simple\debug\simple.res
c:\users\my-pc\desktop\wp6_2014104136_이형진\simple\debug\simple.pch
c:\users\my-pc\desktop\wp6_2014104136_이형진\simple\debug\vc140.pdb
c:\users\my-pc\desktop\wp6_2014104136_이형진\simple\debug\vc140.idb
c:\users\my-pc\desktop\wp6_2014104136_이형진\simple\debug\stdafx.obj
c:\users\my-pc\desktop\wp6_2014104136_이형진\simple\debug\childview.obj
c:\users\my-pc\desktop\wp6_2014104136_이형진\simple\debug\circle.obj
c:\users\my-pc\desktop\wp6_2014104136_이형진\simple\debug\line.obj
c:\users\my-pc\desktop\wp6_2014104136_이형진\simple\debug\mainfrm.obj
c:\users\my-pc\desktop\wp6_2014104136_이형진\simple\debug\quad.obj
c:\users\my-pc\desktop\wp6_2014104136_이형진\simple\debug\simple.obj
c:\users\my-pc\desktop\wp6_2014104136_이형진\simple\debug\triangle.obj
c:\users\my-pc\desktop\wp6_2014104136_이형진\simple\debug\application.obj
c:\users\my-pc\desktop\wp6_2014104136_이형진\debug\simple.ilk
c:\users\my-pc\desktop\wp6_2014104136_이형진\debug\simple.exe
c:\users\my-pc\desktop\wp6_2014104136_이형진\debug\simple.pdb
c:\users\my-pc\desktop\wp6_2014104136_이형진\simple\debug\simple.res
c:\users\my-pc\desktop\wp6_2014104136_이형진\simple\debug\simple.vcxprojresolveassemblyreference.cache
c:\users\my-pc\desktop\wp6_2014104136_이형진\simple\debug\cl.command.1.tlog
c:\users\my-pc\desktop\wp6_2014104136_이형진\simple\debug\cl.read.1.tlog
c:\users\my-pc\desktop\wp6_2014104136_이형진\simple\debug\cl.write.1.tlog
c:\users\my-pc\desktop\wp6_2014104136_이형진\simple\debug\link-cvtres.read.1.tlog
c:\users\my-pc\desktop\wp6_2014104136_이형진\simple\debug\link-cvtres.write.1.tlog
c:\users\my-pc\desktop\wp6_2014104136_이형진\simple\debug\link.146552-cvtres.read.1.tlog
c:\users\my-pc\desktop\wp6_2014104136_이형진\simple\debug\link.146552-cvtres.write.1.tlog
c:\users\my-pc\desktop\wp6_2014104136_이형진\simple\debug\link.146552.read.1.tlog
c:\users\my-pc\desktop\wp6_2014104136_이형진\simple\debug\link.146552.write.1.tlog
c:\users\my-pc\desktop\wp6_2014104136_이형진\simple\debug\link.3116-cvtres.read.1.tlog
c:\users\my-pc\desktop\wp6_2014104136_이형진\simple\debug\link.3116-cvtres.write.1.tlog
c:\users\my-pc\desktop\wp6_2014104136_이형진\simple\debug\link.3116.read.1.tlog
c:\users\my-pc\desktop\wp6_2014104136_이형진\simple\debug\link.3116.write.1.tlog
c:\users\my-pc\desktop\wp6_2014104136_이형진\simple\debug\link.339384-cvtres.read.1.tlog
c:\users\my-pc\desktop\wp6_2014104136_이형진\simple\debug\link.339384-cvtres.write.1.tlog
c:\users\my-pc\desktop\wp6_2014104136_이형진\simple\debug\link.339384.read.1.tlog
c:\users\my-pc\desktop\wp6_2014104136_이형진\simple\debug\link.339384.write.1.tlog
c:\users\my-pc\desktop\wp6_2014104136_이형진\simple\debug\link.349948-cvtres.read.1.tlog
c:\users\my-pc\desktop\wp6_2014104136_이형진\simple\debug\link.349948-cvtres.write.1.tlog
c:\users\my-pc\desktop\wp6_2014104136_이형진\simple\debug\link.349948.read.1.tlog
c:\users\my-pc\desktop\wp6_2014104136_이형진\simple\debug\link.349948.write.1.tlog
c:\users\my-pc\desktop\wp6_2014104136_이형진\simple\debug\link.368392-cvtres.read.1.tlog
c:\users\my-pc\desktop\wp6_2014104136_이형진\simple\debug\link.368392-cvtres.write.1.tlog
c:\users\my-pc\desktop\wp6_2014104136_이형진\simple\debug\link.368392.read.1.tlog
c:\users\my-pc\desktop\wp6_2014104136_이형진\simple\debug\link.368392.write.1.tlog
c:\users\my-pc\desktop\wp6_2014104136_이형진\simple\debug\link.372980-cvtres.read.1.tlog
c:\users\my-pc\desktop\wp6_2014104136_이형진\simple\debug\link.372980-cvtres.write.1.tlog
c:\users\my-pc\desktop\wp6_2014104136_이형진\simple\debug\link.372980.read.1.tlog
c:\users\my-pc\desktop\wp6_2014104136_이형진\simple\debug\link.372980.write.1.tlog
c:\users\my-pc\desktop\wp6_2014104136_이형진\simple\debug\link.3788-cvtres.read.1.tlog
c:\users\my-pc\desktop\wp6_2014104136_이형진\simple\debug\link.3788-cvtres.write.1.tlog
c:\users\my-pc\desktop\wp6_2014104136_이형진\simple\debug\link.3788.read.1.tlog
c:\users\my-pc\desktop\wp6_2014104136_이형진\simple\debug\link.3788.write.1.tlog
c:\users\my-pc\desktop\wp6_2014104136_이형진\simple\debug\link.391248-cvtres.read.1.tlog
c:\users\my-pc\desktop\wp6_2014104136_이형진\simple\debug\link.391248-cvtres.write.1.tlog
c:\users\my-pc\desktop\wp6_2014104136_이형진\simple\debug\link.391248.read.1.tlog
c:\users\my-pc\desktop\wp6_2014104136_이형진\simple\debug\link.391248.write.1.tlog
c:\users\my-pc\desktop\wp6_2014104136_이형진\simple\debug\link.4296-cvtres.read.1.tlog
c:\users\my-pc\desktop\wp6_2014104136_이형진\simple\debug\link.4296-cvtres.write.1.tlog
c:\users\my-pc\desktop\wp6_2014104136_이형진\simple\debug\link.4296.read.1.tlog
c:\users\my-pc\desktop\wp6_2014104136_이형진\simple\debug\link.4296.write.1.tlog
c:\users\my-pc\desktop\wp6_2014104136_이형진\simple\debug\link.435532-cvtres.read.1.tlog
c:\users\my-pc\desktop\wp6_2014104136_이형진\simple\debug\link.435532-cvtres.write.1.tlog
c:\users\my-pc\desktop\wp6_2014104136_이형진\simple\debug\link.435532.read.1.tlog
c:\users\my-pc\desktop\wp6_2014104136_이형진\simple\debug\link.435532.write.1.tlog
c:\users\my-pc\desktop\wp6_2014104136_이형진\simple\debug\link.468604-cvtres.read.1.tlog
c:\users\my-pc\desktop\wp6_2014104136_이형진\simple\debug\link.468604-cvtres.write.1.tlog
c:\users\my-pc\desktop\wp6_2014104136_이형진\simple\debug\link.468604.read.1.tlog
c:\users\my-pc\desktop\wp6_2014104136_이형진\simple\debug\link.468604.write.1.tlog
c:\users\my-pc\desktop\wp6_2014104136_이형진\simple\debug\link.5412-cvtres.read.1.tlog
c:\users\my-pc\desktop\wp6_2014104136_이형진\simple\debug\link.5412-cvtres.write.1.tlog
c:\users\my-pc\desktop\wp6_2014104136_이형진\simple\debug\link.5412.read.1.tlog
c:\users\my-pc\desktop\wp6_2014104136_이형진\simple\debug\link.5412.write.1.tlog
c:\users\my-pc\desktop\wp6_2014104136_이형진\simple\debug\link.command.1.tlog
c:\users\my-pc\desktop\wp6_2014104136_이형진\simple\debug\link.read.1.tlog
c:\users\my-pc\desktop\wp6_2014104136_이형진\simple\debug\link.write.1.tlog
c:\users\my-pc\desktop\wp6_2014104136_이형진\simple\debug\mt.command.1.tlog
c:\users\my-pc\desktop\wp6_2014104136_이형진\simple\debug\mt.read.1.tlog
c:\users\my-pc\desktop\wp6_2014104136_이형진\simple\debug\mt.write.1.tlog
c:\users\my-pc\desktop\wp6_2014104136_이형진\simple\debug\rc.command.1.tlog
c:\users\my-pc\desktop\wp6_2014104136_이형진\simple\debug\rc.read.1.tlog
c:\users\my-pc\desktop\wp6_2014104136_이형진\simple\debug\rc.write.1.tlog
c:\users\my-pc\desktop\wp6_2014104136_이형진\simple\debug\simple.write.1.tlog
c:\users\my-pc\desktop\wp6_2014104136_이형진\simple\debug\simple.exe.embed.manifest
c:\users\my-pc\desktop\wp6_2014104136_이형진\simple\debug\simple.exe.intermediate.manifest
c:\users\my-pc\desktop\wp6_2014104136_이형진\simple\debug\simple.exe.embed.manifest.res
c:\users\my-pc\desktop\wp6_2014104136_이형진\simple\debug\vc100.idb
c:\users\my-pc\desktop\wp6_2014104136_이형진\simple\debug\vc100.pdb
c:\users\my-pc\desktop\wp6_2014104136_이형진\simple\debug\simple_manifest.rc
c:\users\my-pc\desktop\wp6_2014104136_이형진\simple\debug\simple.tlog\cl.command.1.tlog
c:\users\my-pc\desktop\wp6_2014104136_이형진\simple\debug\simple.tlog\cl.read.1.tlog
c:\users\my-pc\desktop\wp6_2014104136_이형진\simple\debug\simple.tlog\cl.write.1.tlog
c:\users\my-pc\desktop\wp6_2014104136_이형진\simple\debug\simple.tlog\link.command.1.tlog
c:\users\my-pc\desktop\wp6_2014104136_이형진\simple\debug\simple.tlog\link.read.1.tlog
c:\users\my-pc\desktop\wp6_2014104136_이형진\simple\debug\simple.tlog\link.write.1.tlog
c:\users\my-pc\desktop\wp6_2014104136_이형진\simple\debug\simple.tlog\rc.command.1.tlog
c:\users\my-pc\desktop\wp6_2014104136_이형진\simple\debug\simple.tlog\rc.read.1.tlog
c:\users\my-pc\desktop\wp6_2014104136_이형진\simple\debug\simple.tlog\rc.write.1.tlog
